Line 15: Class MSDataGridLib.DataGrid of control DataGrid1 was not a loaded control class.
Line 183: Class MSComCtl2.DTPicker of control DTPicker2 was not a loaded control class.
Line 195: Class MSComCtl2.DTPicker of control DTPicker1 was not a loaded control class.
Line 21: The property name _ExtentX in DataGrid1 is invalid.
Line 22: The property name _ExtentY in DataGrid1 is invalid.
Line 23: The property name _Version in DataGrid1 is invalid.
Line 25: The property name HeadLines in DataGrid1 is invalid.
Line 26: The property name RowHeight in DataGrid1 is invalid.
Line 35: The property name HeadFont in DataGrid1 is invalid.
Line 45: The property name ColumnCount in DataGrid1 is invalid.
Line 58: The property name Column00 in DataGrid1 is invalid.
Line 71: The property name Column01 in DataGrid1 is invalid.
Line 72: The property name SplitCount in DataGrid1 is invalid.
Line 78: The property name Split0 in DataGrid1 is invalid.
Line 189: The property name _ExtentX in DTPicker2 is invalid.
Line 190: The property name _ExtentY in DTPicker2 is invalid.
Line 191: The property name _Version in DTPicker2 is invalid.
Line 192: The property name Format in DTPicker2 is invalid.
Line 193: The property name CurrentDate in DTPicker2 is invalid.
Line 201: The property name _ExtentX in DTPicker1 is invalid.
Line 202: The property name _ExtentY in DTPicker1 is invalid.
Line 203: The property name _Version in DTPicker1 is invalid.
Line 204: The property name Format in DTPicker1 is invalid.
Line 205: The property name CurrentDate in DTPicker1 is invalid.
